0 info it worked if it ends with ok
1 verbose cli [ 'node', '/usr/local/bin/npm', 'publish' ]
2 info using npm@1.3.4
3 info using node@v0.10.12
4 verbose publish [ '.' ]
5 verbose cache add [ '.', null ]
6 verbose cache add name=undefined spec="." args=[".",null]
7 verbose parsed url { protocol: null,
7 verbose parsed url   slashes: null,
7 verbose parsed url   auth: null,
7 verbose parsed url   host: null,
7 verbose parsed url   port: null,
7 verbose parsed url   hostname: null,
7 verbose parsed url   hash: null,
7 verbose parsed url   search: null,
7 verbose parsed url   query: null,
7 verbose parsed url   pathname: '.',
7 verbose parsed url   path: '.',
7 verbose parsed url   href: '.' }
8 silly lockFile 3a52ce78- .
9 verbose lock . /Users/saintmac/.npm/3a52ce78-.lock
10 verbose tar pack [ '/var/folders/5j/nj9w6dq550j902vszpydvzbr0000gn/T/npm-1785-BiguUWy0/1381963224857-0.5823269567918032/tmp.tgz',
10 verbose tar pack   '.' ]
11 verbose tarball /var/folders/5j/nj9w6dq550j902vszpydvzbr0000gn/T/npm-1785-BiguUWy0/1381963224857-0.5823269567918032/tmp.tgz
12 verbose folder .
13 info prepublish unique-kue@0.2.0
14 silly lockFile 1f1177db-tar tar://.
15 verbose lock tar://. /Users/saintmac/.npm/1f1177db-tar.lock
16 silly lockFile 9810b459-24857-0-5823269567918032-tmp-tgz tar:///var/folders/5j/nj9w6dq550j902vszpydvzbr0000gn/T/npm-1785-BiguUWy0/1381963224857-0.5823269567918032/tmp.tgz
17 verbose lock tar:///var/folders/5j/nj9w6dq550j902vszpydvzbr0000gn/T/npm-1785-BiguUWy0/1381963224857-0.5823269567918032/tmp.tgz /Users/saintmac/.npm/9810b459-24857-0-5823269567918032-tmp-tgz.lock
18 silly lockFile 1f1177db-tar tar://.
19 silly lockFile 1f1177db-tar tar://.
20 silly lockFile 9810b459-24857-0-5823269567918032-tmp-tgz tar:///var/folders/5j/nj9w6dq550j902vszpydvzbr0000gn/T/npm-1785-BiguUWy0/1381963224857-0.5823269567918032/tmp.tgz
21 silly lockFile 9810b459-24857-0-5823269567918032-tmp-tgz tar:///var/folders/5j/nj9w6dq550j902vszpydvzbr0000gn/T/npm-1785-BiguUWy0/1381963224857-0.5823269567918032/tmp.tgz
22 verbose tar unpack /var/folders/5j/nj9w6dq550j902vszpydvzbr0000gn/T/npm-1785-BiguUWy0/1381963224857-0.5823269567918032/tmp.tgz
23 silly lockFile 8f86b2e9-24857-0-5823269567918032-package tar:///var/folders/5j/nj9w6dq550j902vszpydvzbr0000gn/T/npm-1785-BiguUWy0/1381963224857-0.5823269567918032/package
24 verbose lock tar:///var/folders/5j/nj9w6dq550j902vszpydvzbr0000gn/T/npm-1785-BiguUWy0/1381963224857-0.5823269567918032/package /Users/saintmac/.npm/8f86b2e9-24857-0-5823269567918032-package.lock
25 silly lockFile 9810b459-24857-0-5823269567918032-tmp-tgz tar:///var/folders/5j/nj9w6dq550j902vszpydvzbr0000gn/T/npm-1785-BiguUWy0/1381963224857-0.5823269567918032/tmp.tgz
26 verbose lock tar:///var/folders/5j/nj9w6dq550j902vszpydvzbr0000gn/T/npm-1785-BiguUWy0/1381963224857-0.5823269567918032/tmp.tgz /Users/saintmac/.npm/9810b459-24857-0-5823269567918032-tmp-tgz.lock
27 silly gunzTarPerm modes [ '755', '644' ]
28 silly gunzTarPerm extractEntry package.json
29 silly gunzTarPerm extractEntry .npmignore
30 silly gunzTarPerm extractEntry README.md
31 silly gunzTarPerm extractEntry index.js
32 silly gunzTarPerm extractEntry LICENSE.md
33 silly gunzTarPerm extractEntry lib/unique-kue.js
34 silly gunzTarPerm extractEntry test/test.js
35 silly lockFile 8f86b2e9-24857-0-5823269567918032-package tar:///var/folders/5j/nj9w6dq550j902vszpydvzbr0000gn/T/npm-1785-BiguUWy0/1381963224857-0.5823269567918032/package
36 silly lockFile 8f86b2e9-24857-0-5823269567918032-package tar:///var/folders/5j/nj9w6dq550j902vszpydvzbr0000gn/T/npm-1785-BiguUWy0/1381963224857-0.5823269567918032/package
37 silly lockFile 9810b459-24857-0-5823269567918032-tmp-tgz tar:///var/folders/5j/nj9w6dq550j902vszpydvzbr0000gn/T/npm-1785-BiguUWy0/1381963224857-0.5823269567918032/tmp.tgz
38 silly lockFile 9810b459-24857-0-5823269567918032-tmp-tgz tar:///var/folders/5j/nj9w6dq550j902vszpydvzbr0000gn/T/npm-1785-BiguUWy0/1381963224857-0.5823269567918032/tmp.tgz
39 verbose tar pack [ '/Users/saintmac/.npm/unique-kue/0.2.0/package.tgz',
39 verbose tar pack   '/var/folders/5j/nj9w6dq550j902vszpydvzbr0000gn/T/npm-1785-BiguUWy0/1381963224857-0.5823269567918032/package' ]
40 verbose tarball /Users/saintmac/.npm/unique-kue/0.2.0/package.tgz
41 verbose folder /var/folders/5j/nj9w6dq550j902vszpydvzbr0000gn/T/npm-1785-BiguUWy0/1381963224857-0.5823269567918032/package
42 silly lockFile 8f86b2e9-24857-0-5823269567918032-package tar:///var/folders/5j/nj9w6dq550j902vszpydvzbr0000gn/T/npm-1785-BiguUWy0/1381963224857-0.5823269567918032/package
43 verbose lock tar:///var/folders/5j/nj9w6dq550j902vszpydvzbr0000gn/T/npm-1785-BiguUWy0/1381963224857-0.5823269567918032/package /Users/saintmac/.npm/8f86b2e9-24857-0-5823269567918032-package.lock
44 silly lockFile cfcc0e71-npm-unique-kue-0-2-0-package-tgz tar:///Users/saintmac/.npm/unique-kue/0.2.0/package.tgz
45 verbose lock tar:///Users/saintmac/.npm/unique-kue/0.2.0/package.tgz /Users/saintmac/.npm/cfcc0e71-npm-unique-kue-0-2-0-package-tgz.lock
46 silly lockFile 8f86b2e9-24857-0-5823269567918032-package tar:///var/folders/5j/nj9w6dq550j902vszpydvzbr0000gn/T/npm-1785-BiguUWy0/1381963224857-0.5823269567918032/package
47 silly lockFile 8f86b2e9-24857-0-5823269567918032-package tar:///var/folders/5j/nj9w6dq550j902vszpydvzbr0000gn/T/npm-1785-BiguUWy0/1381963224857-0.5823269567918032/package
48 silly lockFile cfcc0e71-npm-unique-kue-0-2-0-package-tgz tar:///Users/saintmac/.npm/unique-kue/0.2.0/package.tgz
49 silly lockFile cfcc0e71-npm-unique-kue-0-2-0-package-tgz tar:///Users/saintmac/.npm/unique-kue/0.2.0/package.tgz
50 silly lockFile 0044ddc0-mac-npm-unique-kue-0-2-0-package /Users/saintmac/.npm/unique-kue/0.2.0/package
51 verbose lock /Users/saintmac/.npm/unique-kue/0.2.0/package /Users/saintmac/.npm/0044ddc0-mac-npm-unique-kue-0-2-0-package.lock
52 silly lockFile 0044ddc0-mac-npm-unique-kue-0-2-0-package /Users/saintmac/.npm/unique-kue/0.2.0/package
53 silly lockFile 0044ddc0-mac-npm-unique-kue-0-2-0-package /Users/saintmac/.npm/unique-kue/0.2.0/package
54 verbose tar unpack /Users/saintmac/.npm/unique-kue/0.2.0/package.tgz
55 silly lockFile 6a041e05-mac-npm-unique-kue-0-2-0-package tar:///Users/saintmac/.npm/unique-kue/0.2.0/package
56 verbose lock tar:///Users/saintmac/.npm/unique-kue/0.2.0/package /Users/saintmac/.npm/6a041e05-mac-npm-unique-kue-0-2-0-package.lock
57 silly lockFile cfcc0e71-npm-unique-kue-0-2-0-package-tgz tar:///Users/saintmac/.npm/unique-kue/0.2.0/package.tgz
58 verbose lock tar:///Users/saintmac/.npm/unique-kue/0.2.0/package.tgz /Users/saintmac/.npm/cfcc0e71-npm-unique-kue-0-2-0-package-tgz.lock
59 silly gunzTarPerm modes [ '755', '644' ]
60 silly gunzTarPerm extractEntry package.json
61 silly gunzTarPerm extractEntry .npmignore
62 silly gunzTarPerm extractEntry README.md
63 silly gunzTarPerm extractEntry index.js
64 silly gunzTarPerm extractEntry LICENSE.md
65 silly gunzTarPerm extractEntry lib/unique-kue.js
66 silly gunzTarPerm extractEntry test/test.js
67 silly lockFile 6a041e05-mac-npm-unique-kue-0-2-0-package tar:///Users/saintmac/.npm/unique-kue/0.2.0/package
68 silly lockFile 6a041e05-mac-npm-unique-kue-0-2-0-package tar:///Users/saintmac/.npm/unique-kue/0.2.0/package
69 silly lockFile cfcc0e71-npm-unique-kue-0-2-0-package-tgz tar:///Users/saintmac/.npm/unique-kue/0.2.0/package.tgz
70 silly lockFile cfcc0e71-npm-unique-kue-0-2-0-package-tgz tar:///Users/saintmac/.npm/unique-kue/0.2.0/package.tgz
71 verbose chmod /Users/saintmac/.npm/unique-kue/0.2.0/package.tgz 644
72 verbose chown /Users/saintmac/.npm/unique-kue/0.2.0/package.tgz [ 501, 20 ]
73 silly lockFile 3a52ce78- .
74 silly lockFile 3a52ce78- .
75 silly publish { name: 'unique-kue',
75 silly publish   version: '0.2.0',
75 silly publish   description: 'plugin for kue, to enable unique delayed job',
75 silly publish   main: 'index.js',
75 silly publish   scripts: { test: 'mocha --timeout 10000 --reporter Spec' },
75 silly publish   repository:
75 silly publish    { type: 'git',
75 silly publish      url: 'https://github.com/saintmac/unique-kue.git' },
75 silly publish   keywords: [ 'unique', 'kue', 'queue', 'job', 'delayed', 'single' ],
75 silly publish   author: { name: 'Martin Saint-Macary' },
75 silly publish   license: 'MIT',
75 silly publish   bugs: { url: 'https://github.com/saintmac/unique-kue/issues' },
75 silly publish   dependencies: { redis: '~0.8.6' },
75 silly publish   devDependencies: { chai: '~1.8.1', mocha: '~1.13.0', kue: '~0.6.2' },
75 silly publish   readme: '# unique-kue\nyou want your delayed jobs to run only once even if they are triggered several time? Then you need unique-kue.\n\nunique-kue is a kue plugin that adds a new method: `jobs.create_unique_delayed(type, key, delay, options)`\n## install\n\n    npm install unique-kue\n\n## setup\n\n```javascript\nkue = require(\'kue\');\nunique_kue = require(\'unique-kue\');\nunique_kue.setup(kue);\n```\n\n## use\n\n```javascript\njobs = kue.createQueue();\njobs.create_unique_delayed(\'email_summary\', \'email-summary-project-123456\', 60000, {\n    title: \'project dashboard\'\n  , to: \'martin@saintmac.me\'\n  , template: \'this week progress...\'\n});\n//the job will be saved automatically\n```\n',
75 silly publish   readmeFilename: 'README.md',
75 silly publish   _id: 'unique-kue@0.2.0',
75 silly publish   dist: { shasum: 'a464dfca3a5af2cdd222608f028505515f998abf' },
75 silly publish   _from: '.' }
76 verbose url raw unique-kue
77 verbose url resolving [ 'https://registry.npmjs.org/', './unique-kue' ]
78 verbose url resolved https://registry.npmjs.org/unique-kue
79 info trying registry request attempt 1 at 00:40:28
80 http PUT https://registry.npmjs.org/unique-kue
81 http 409 https://registry.npmjs.org/unique-kue
82 verbose url raw unique-kue
83 verbose url resolving [ 'https://registry.npmjs.org/', './unique-kue' ]
84 verbose url resolved https://registry.npmjs.org/unique-kue
85 info trying registry request attempt 1 at 00:40:29
86 http GET https://registry.npmjs.org/unique-kue
87 http 200 https://registry.npmjs.org/unique-kue
88 error publish fail Cannot publish over existing version.
88 error publish fail Update the 'version' field in package.json and try again.
88 error publish fail
88 error publish fail If the previous version was published in error, see:
88 error publish fail     npm help unpublish
88 error publish fail
88 error publish fail To automatically increment version numbers, see:
88 error publish fail     npm help version
89 error System Darwin 11.4.2
90 error command "node" "/usr/local/bin/npm" "publish"
91 error cwd /Users/saintmac/dev/vytein/tools/unique-kue
92 error node -v v0.10.12
93 error npm -v 1.3.4
94 error code EPUBLISHCONFLICT
95 verbose exit [ 1, true ]
